<?xml version="1.0" encoding="UTF-8"?>
<!-- Generated by org.testng.reporters.JUnitXMLReporter -->
<testsuite hostname="Debabratas-MacBook-Pro.local" ignored="0" name="Default test" tests="11" failures="0" timestamp="24 Jun 2019 10:44:24 GMT" time="254.644" errors="0">
  <testcase name="validateOpenSourceLicense" time="4.142" classname="com.hibbett.testcases.Ac_AboutUsTest"/>
  <testcase name="validateAccessibility" time="2.756" classname="com.hibbett.testcases.Ac_AboutUsTest"/>
  <testcase name="validateCaliforniaDisclosures" time="1.259" classname="com.hibbett.testcases.Ac_AboutUsTest"/>
  <testcase name="validateTermsOfUse" time="1.289" classname="com.hibbett.testcases.Ac_AboutUsTest"/>
  <testcase name="validatePrivacyPolicy" time="1.49" classname="com.hibbett.testcases.Ac_AboutUsTest"/>
  <testcase name="validateRaffleTermsAndCondition" time="1.252" classname="com.hibbett.testcases.Ac_AboutUsTest"/>
  <testcase name="validateCareers" time="1.267" classname="com.hibbett.testcases.Ac_AboutUsTest"/>
  <testcase name="validateInvestorRelations" time="1.272" classname="com.hibbett.testcases.Ac_AboutUsTest"/>
  <testcase name="validatePhilanthropy" time="1.195" classname="com.hibbett.testcases.Ac_AboutUsTest"/>
  <testcase name="validateHibbettUniversity" time="1.369" classname="com.hibbett.testcases.Ac_AboutUsTest"/>
  <testcase name="validateOurStory" time="1.349" classname="com.hibbett.testcases.Ac_AboutUsTest"/>
</testsuite> <!-- Default test -->
