<?xml version="1.0" encoding="UTF-8"?>
<!-- Generated by org.testng.reporters.JUnitXMLReporter -->
<testsuite hostname="Debabratas-MacBook-Pro.local" ignored="0" name="Default test" tests="3" failures="0" timestamp="04 Jun 2019 13:21:30 GMT" time="105.016" errors="0">
  <testcase name="enterIntoLogin" time="3.535" classname="com.hibbett.testcases.LoginTest"/>
  <testcase name="inValidLoginTest" time="19.08" classname="com.hibbett.testcases.LoginTest"/>
  <testcase name="login" time="20.14" classname="com.hibbett.testcases.LoginTest"/>
</testsuite> <!-- Default test -->
