<?xml version="1.0" encoding="UTF-8"?>
<!-- Generated by org.testng.reporters.JUnitXMLReporter -->
<testsuite hostname="Debabratas-MacBook-Pro.local" ignored="0" name="TestOnAndroidPhoneMotoG5+" tests="2" failures="0" timestamp="04 Jun 2019 08:29:52 GMT" time="65.107" errors="0">
  <testcase name="enterIntoLogin" time="3.486" classname="com.hibbett.testcases.LoginTest"/>
  <testcase name="login" time="20.539" classname="com.hibbett.testcases.LoginTest"/>
</testsuite> <!-- TestOnAndroidPhoneMotoG5+ -->
