<?xml version="1.0" encoding="UTF-8"?>
<!-- Generated by org.testng.reporters.JUnitXMLReporter -->
<testsuite hostname="Debabratas-MacBook-Pro.local" ignored="0" name="TestOnAndroidPhoneMotoG5+" tests="4" failures="0" timestamp="04 Jun 2019 14:51:48 GMT" time="132.475" errors="0">
  <testcase name="enterIntoLogin" time="3.685" classname="com.hibbett.testcases.LoginTest"/>
  <testcase name="reqCheck" time="4.611" classname="com.hibbett.testcases.LoginTest"/>
  <testcase name="inValidLoginTest" time="19.33" classname="com.hibbett.testcases.LoginTest"/>
  <testcase name="login" time="21.081" classname="com.hibbett.testcases.LoginTest"/>
</testsuite> <!-- TestOnAndroidPhoneMotoG5+ -->
