<?xml version="1.0" encoding="UTF-8"?>
<!-- Generated by org.testng.reporters.JUnitXMLReporter -->
<testsuite hostname="Debabratas-MacBook-Pro.local" ignored="0" name="TestOnAndroid" tests="8" failures="0" timestamp="11 Jun 2019 14:06:21 GMT" time="175.971" errors="0">
  <testcase name="enterIntoLogin" time="3.638" classname="com.hibbett.testcases.LoginTest"/>
  <testcase name="reqCheck" time="5.168" classname="com.hibbett.testcases.LoginTest"/>
  <testcase name="inValidLoginTest" time="20.852" classname="com.hibbett.testcases.LoginTest"/>
  <testcase name="login" time="22.187" classname="com.hibbett.testcases.LoginTest"/>
  <testcase name="enterIntoSignUpScrn" time="4.278" classname="com.hibbett.testcases.SignUpTest"/>
  <testcase name="fieldValidationCheck" time="5.605" classname="com.hibbett.testcases.SignUpTest"/>
  <testcase name="getIntoLoginScrn" time="7.584" classname="com.hibbett.testcases.SignUpTest"/>
  <testcase name="SignUp" time="50.355" classname="com.hibbett.testcases.SignUpTest"/>
</testsuite> <!-- TestOnAndroid -->
