<?xml version="1.0" encoding="UTF-8"?>
<testng-results skipped="0" failed="0" ignored="0" total="2" passed="2">
  <reporter-output>
  </reporter-output>
  <suite name="Regression Suite" duration-ms="65107" started-at="2019-06-04T08:28:42Z" finished-at="2019-06-04T08:29:47Z">
    <groups>
      <group name="regression">
        <method signature="LoginTest.enterIntoLogin()[pri:0, instance:com.hibbett.testcases.LoginTest@731a74c]" name="enterIntoLogin" class="com.hibbett.testcases.LoginTest"/>
        <method signature="LoginTest.login()[pri:1, instance:com.hibbett.testcases.LoginTest@731a74c]" name="login" class="com.hibbett.testcases.LoginTest"/>
      </group> <!-- regression -->
      <group name="smoke">
        <method signature="LoginTest.enterIntoLogin()[pri:0, instance:com.hibbett.testcases.LoginTest@731a74c]" name="enterIntoLogin" class="com.hibbett.testcases.LoginTest"/>
        <method signature="LoginTest.login()[pri:1, instance:com.hibbett.testcases.LoginTest@731a74c]" name="login" class="com.hibbett.testcases.LoginTest"/>
      </group> <!-- smoke -->
    </groups>
    <test name="TestOnAndroidPhoneMotoG5+" duration-ms="65107" started-at="2019-06-04T08:28:42Z" finished-at="2019-06-04T08:29:47Z">
      <class name="com.hibbett.testcases.LoginTest">
        <test-method status="PASS" signature="setUp()[pri:0, instance:com.hibbett.testcases.LoginTest@731a74c]" name="setUp" is-config="true" duration-ms="12934" started-at="2019-06-04T08:28:42Z" finished-at="2019-06-04T08:28:55Z">
          <reporter-output>
          </reporter-output>
        </test-method> <!-- setUp -->
        <test-method status="PASS" signature="enterIntoLogin()[pri:0, instance:com.hibbett.testcases.LoginTest@731a74c]" name="enterIntoLogin" duration-ms="3486" started-at="2019-06-04T08:28:55Z" description="To validate Login button of Landing screen is opening the Login screen" finished-at="2019-06-04T08:28:58Z">
          <reporter-output>
          </reporter-output>
        </test-method> <!-- enterIntoLogin -->
        <test-method status="PASS" signature="afterMethod()[pri:0, instance:com.hibbett.testcases.LoginTest@731a74c]" name="afterMethod" is-config="true" duration-ms="7152" started-at="2019-06-04T08:28:58Z" finished-at="2019-06-04T08:29:05Z">
          <reporter-output>
          </reporter-output>
        </test-method> <!-- afterMethod -->
        <test-method status="PASS" signature="setUp()[pri:0, instance:com.hibbett.testcases.LoginTest@731a74c]" name="setUp" is-config="true" duration-ms="13365" started-at="2019-06-04T08:29:05Z" finished-at="2019-06-04T08:29:19Z">
          <reporter-output>
          </reporter-output>
        </test-method> <!-- setUp -->
        <test-method status="PASS" signature="login()[pri:1, instance:com.hibbett.testcases.LoginTest@731a74c]" name="login" duration-ms="20539" started-at="2019-06-04T08:29:19Z" description="To validate Login functionality with valid login" finished-at="2019-06-04T08:29:39Z">
          <reporter-output>
          </reporter-output>
        </test-method> <!-- login -->
        <test-method status="PASS" signature="afterMethod()[pri:0, instance:com.hibbett.testcases.LoginTest@731a74c]" name="afterMethod" is-config="true" duration-ms="7605" started-at="2019-06-04T08:29:39Z" finished-at="2019-06-04T08:29:47Z">
          <reporter-output>
          </reporter-output>
        </test-method> <!-- afterMethod -->
      </class> <!-- com.hibbett.testcases.LoginTest -->
    </test> <!-- TestOnAndroidPhoneMotoG5+ -->
  </suite> <!-- Regression Suite -->
</testng-results>
