<?xml version="1.0" encoding="UTF-8"?>
<testng-results skipped="0" failed="0" ignored="0" total="3" passed="3">
  <reporter-output>
  </reporter-output>
  <suite name="Default suite" duration-ms="105016" started-at="2019-06-04T13:19:40Z" finished-at="2019-06-04T13:21:25Z">
    <groups>
      <group name="regression">
        <method signature="LoginTest.enterIntoLogin()[pri:0, instance:com.hibbett.testcases.LoginTest@731a74c]" name="enterIntoLogin" class="com.hibbett.testcases.LoginTest"/>
        <method signature="LoginTest.inValidLoginTest()[pri:1, instance:com.hibbett.testcases.LoginTest@731a74c]" name="inValidLoginTest" class="com.hibbett.testcases.LoginTest"/>
        <method signature="LoginTest.login()[pri:2, instance:com.hibbett.testcases.LoginTest@731a74c]" name="login" class="com.hibbett.testcases.LoginTest"/>
      </group> <!-- regression -->
      <group name="smoke">
        <method signature="LoginTest.enterIntoLogin()[pri:0, instance:com.hibbett.testcases.LoginTest@731a74c]" name="enterIntoLogin" class="com.hibbett.testcases.LoginTest"/>
        <method signature="LoginTest.inValidLoginTest()[pri:1, instance:com.hibbett.testcases.LoginTest@731a74c]" name="inValidLoginTest" class="com.hibbett.testcases.LoginTest"/>
        <method signature="LoginTest.login()[pri:2, instance:com.hibbett.testcases.LoginTest@731a74c]" name="login" class="com.hibbett.testcases.LoginTest"/>
      </group> <!-- smoke -->
    </groups>
    <test name="Default test" duration-ms="105016" started-at="2019-06-04T13:19:40Z" finished-at="2019-06-04T13:21:25Z">
      <class name="com.hibbett.testcases.LoginTest">
        <test-method status="PASS" signature="setUp()[pri:0, instance:com.hibbett.testcases.LoginTest@731a74c]" name="setUp" is-config="true" duration-ms="14214" started-at="2019-06-04T13:19:40Z" finished-at="2019-06-04T13:19:54Z">
          <reporter-output>
          </reporter-output>
        </test-method> <!-- setUp -->
        <test-method status="PASS" signature="enterIntoLogin()[pri:0, instance:com.hibbett.testcases.LoginTest@731a74c]" name="enterIntoLogin" duration-ms="3535" started-at="2019-06-04T13:19:54Z" description="To validate Login button of Landing screen is opening the Login screen" finished-at="2019-06-04T13:19:58Z">
          <reporter-output>
          </reporter-output>
        </test-method> <!-- enterIntoLogin -->
        <test-method status="PASS" signature="afterMethod()[pri:0, instance:com.hibbett.testcases.LoginTest@731a74c]" name="afterMethod" is-config="true" duration-ms="8244" started-at="2019-06-04T13:19:58Z" finished-at="2019-06-04T13:20:06Z">
          <reporter-output>
          </reporter-output>
        </test-method> <!-- afterMethod -->
        <test-method status="PASS" signature="setUp()[pri:0, instance:com.hibbett.testcases.LoginTest@731a74c]" name="setUp" is-config="true" duration-ms="13375" started-at="2019-06-04T13:20:06Z" finished-at="2019-06-04T13:20:19Z">
          <reporter-output>
          </reporter-output>
        </test-method> <!-- setUp -->
        <test-method status="PASS" signature="inValidLoginTest()[pri:1, instance:com.hibbett.testcases.LoginTest@731a74c]" name="inValidLoginTest" duration-ms="19080" started-at="2019-06-04T13:20:19Z" description="To Validate invalid Login validation" finished-at="2019-06-04T13:20:38Z">
          <reporter-output>
          </reporter-output>
        </test-method> <!-- inValidLoginTest -->
        <test-method status="PASS" signature="afterMethod()[pri:0, instance:com.hibbett.testcases.LoginTest@731a74c]" name="afterMethod" is-config="true" duration-ms="6279" started-at="2019-06-04T13:20:38Z" finished-at="2019-06-04T13:20:45Z">
          <reporter-output>
          </reporter-output>
        </test-method> <!-- afterMethod -->
        <test-method status="PASS" signature="setUp()[pri:0, instance:com.hibbett.testcases.LoginTest@731a74c]" name="setUp" is-config="true" duration-ms="13208" started-at="2019-06-04T13:20:45Z" finished-at="2019-06-04T13:20:58Z">
          <reporter-output>
          </reporter-output>
        </test-method> <!-- setUp -->
        <test-method status="PASS" signature="login()[pri:2, instance:com.hibbett.testcases.LoginTest@731a74c]" name="login" duration-ms="20140" started-at="2019-06-04T13:20:58Z" description="To validate Login functionality with valid login" finished-at="2019-06-04T13:21:18Z">
          <reporter-output>
          </reporter-output>
        </test-method> <!-- login -->
        <test-method status="PASS" signature="afterMethod()[pri:0, instance:com.hibbett.testcases.LoginTest@731a74c]" name="afterMethod" is-config="true" duration-ms="6894" started-at="2019-06-04T13:21:18Z" finished-at="2019-06-04T13:21:25Z">
          <reporter-output>
          </reporter-output>
        </test-method> <!-- afterMethod -->
      </class> <!-- com.hibbett.testcases.LoginTest -->
    </test> <!-- Default test -->
  </suite> <!-- Default suite -->
</testng-results>
