<?xml version="1.0" encoding="UTF-8"?>
<!-- Generated by org.testng.reporters.JUnitReportReporter -->
<testsuite skipped="0" hostname="Debabratas-MacBook-Pro.local" name="com.hibbett.testcases.SignUpTest" tests="4" failures="0" timestamp="11 Jun 2019 14:06:21 GMT" time="95.652" errors="0">
  <testcase name="enterIntoSignUpScrn" time="11.373" classname="com.hibbett.testcases.SignUpTest"/>
  <testcase name="fieldValidationCheck" time="12.557" classname="com.hibbett.testcases.SignUpTest"/>
  <testcase name="getIntoLoginScrn" time="14.459" classname="com.hibbett.testcases.SignUpTest"/>
  <testcase name="SignUp" time="57.263" classname="com.hibbett.testcases.SignUpTest"/>
</testsuite> <!-- com.hibbett.testcases.SignUpTest -->
