<?xml version="1.0" encoding="UTF-8"?>
<!-- Generated by org.testng.reporters.JUnitReportReporter -->
<testsuite skipped="0" hostname="Debabratas-MacBook-Pro.local" name="com.hibbett.testcases.LoginTest" tests="4" failures="0" timestamp="04 Jun 2019 14:51:48 GMT" time="132.441" errors="0">
  <testcase name="enterIntoLogin" time="25.467" classname="com.hibbett.testcases.LoginTest"/>
  <testcase name="reqCheck" time="24.475" classname="com.hibbett.testcases.LoginTest"/>
  <testcase name="inValidLoginTest" time="39.541" classname="com.hibbett.testcases.LoginTest"/>
  <testcase name="login" time="42.958" classname="com.hibbett.testcases.LoginTest"/>
</testsuite> <!-- com.hibbett.testcases.LoginTest -->
