<?xml version="1.0" encoding="UTF-8"?>
<!-- Generated by org.testng.reporters.JUnitReportReporter -->
<testsuite skipped="0" hostname="Debabratas-MacBook-Pro.local" name="com.hibbett.testcases.LoginTest" tests="2" failures="0" timestamp="04 Jun 2019 08:29:52 GMT" time="65.081" errors="0">
  <testcase name="enterIntoLogin" time="24.003" classname="com.hibbett.testcases.LoginTest"/>
  <testcase name="login" time="41.078" classname="com.hibbett.testcases.LoginTest"/>
</testsuite> <!-- com.hibbett.testcases.LoginTest -->
