<?xml version="1.0" encoding="UTF-8"?>
<!-- Generated by org.testng.reporters.JUnitReportReporter -->
<testsuite skipped="0" hostname="Debabratas-MacBook-Pro.local" name="com.hibbett.testcases.Ac_AboutUsTest" tests="11" failures="0" timestamp="24 Jun 2019 10:44:24 GMT" time="254.606" errors="0">
  <testcase name="validateOpenSourceLicense" time="25.462" classname="com.hibbett.testcases.Ac_AboutUsTest"/>
  <testcase name="validateAccessibility" time="24.714" classname="com.hibbett.testcases.Ac_AboutUsTest"/>
  <testcase name="validateCaliforniaDisclosures" time="22.668" classname="com.hibbett.testcases.Ac_AboutUsTest"/>
  <testcase name="validateTermsOfUse" time="22.542" classname="com.hibbett.testcases.Ac_AboutUsTest"/>
  <testcase name="validatePrivacyPolicy" time="24.154" classname="com.hibbett.testcases.Ac_AboutUsTest"/>
  <testcase name="validateRaffleTermsAndCondition" time="22.899" classname="com.hibbett.testcases.Ac_AboutUsTest"/>
  <testcase name="validateCareers" time="20.508" classname="com.hibbett.testcases.Ac_AboutUsTest"/>
  <testcase name="validateInvestorRelations" time="22.674" classname="com.hibbett.testcases.Ac_AboutUsTest"/>
  <testcase name="validatePhilanthropy" time="22.615" classname="com.hibbett.testcases.Ac_AboutUsTest"/>
  <testcase name="validateHibbettUniversity" time="23.541" classname="com.hibbett.testcases.Ac_AboutUsTest"/>
  <testcase name="validateOurStory" time="22.829" classname="com.hibbett.testcases.Ac_AboutUsTest"/>
</testsuite> <!-- com.hibbett.testcases.Ac_AboutUsTest -->
