<?xml version="1.0" encoding="UTF-8"?>
<!-- Generated by org.testng.reporters.JUnitReportReporter -->
<testsuite skipped="1" hostname="Debabratas-MacBook-Pro.local" name="com.hibbett.testcases.ShopTest" tests="2" failures="0" timestamp="27 Jun 2019 11:22:26 GMT" time="36.432" errors="0">
  <testcase name="selectStoreValidation" time="36.432" classname="com.hibbett.testcases.ShopTest"/>
  <testcase name="validateOpenSourceLicense" classname="com.hibbett.testcases.ShopTest">
    <skipped/>
  </testcase> <!-- validateOpenSourceLicense -->
</testsuite> <!-- com.hibbett.testcases.ShopTest -->
